Build started 9/24/2019 1:43:59 PM.
     1>Project "C:\Users\lsall\datap\datap_2010\datap_2010.vcxproj" on node 2 (build target(s)).
     1>InitializeBuildStatus:
         Touching "x64\Release\datap.unsuccessfulbuild".
       PreBuildEvent:
         C:\Users\lsall\datap\datap_2010\..\src\main\asm\make.cmd
         :VCEnd
         flat assembler  version g.i4pue
         ..\src\main\asm\datap.asm [10] ..\src\main\asm\datap.inc [3] ..\src\main\asm\Includes.inc [4] ..\src\main\asm\Include/Storage.inc [1] ..\src\main\asm\Include/../Storage/Storage.inc [240]:
         	mov r9, retrieve.sizeRetrieved
         macro mov [129] macro dq [13] macro qword [21]:
         	dq v
         Processed: dq v
     1>EXEC : error : variable term used where not expected.
     1>C:\Program Files (x86)\MSBuild\Microsoft.Cpp\v4.0\Microsoft.CppCommon.targets(103,5): error MSB3073: The command "C:\Users\lsall\datap\datap_2010\..\src\main\asm\make.cmd
C:\Program Files (x86)\MSBuild\Microsoft.Cpp\v4.0\Microsoft.CppCommon.targets(103,5): error MSB3073: :VCEnd" exited with code 2.
     1>Done Building Project "C:\Users\lsall\datap\datap_2010\datap_2010.vcxproj" (build target(s)) -- FAILED.

Build FAILED.

Time Elapsed 00:00:01.98
