Build started 10/21/2019 5:10:59 PM.
     1>Project "C:\Users\lsall\datap\datap_2010\datapTests\datapTests.vcxproj" on node 2 (build target(s)).
     1>InitializeBuildStatus:
         Touching "Debug\datapTests.unsuccessfulbuild".
       ClCompile:
         c:\Program Files (x86)\Microsoft Visual Studio 10.0\VC\bin\CL.exe /c /ZI /nologo /W3 /WX- /Od /Oy- /D _MBCS /Gm /EHsc /RTC1 /MDd /GS /fp:precise /Zc:wchar_t /Zc:forScope /Fo"Debug\\" /Fd"Debug\vc100.pdb" /Gd /TP /analyze- /errorReport:prompt ..\..\src\test\cpp\AllocateTests.cpp ..\..\src\test\cpp\LettersTests.cpp ..\..\src\test\cpp\ListTests.cpp ..\..\src\test\cpp\Main.cpp ..\..\src\test\cpp\MatchingTests.cpp ..\..\src\test\cpp\ReplacementTests.cpp ..\..\src\test\cpp\StorageTest.cpp ..\..\src\test\cpp\StorageTests.cpp
         StorageTests.cpp
     1>c:\users\lsall\datap\src\test\cpp\storagetests.h(4): fatal error C1083: Cannot open include file: 'gtest\gtest.h': No such file or directory
         StorageTest.cpp
     1>c:\users\lsall\datap\src\test\cpp\storagetests.h(4): fatal error C1083: Cannot open include file: 'gtest\gtest.h': No such file or directory
         ReplacementTests.cpp
     1>c:\users\lsall\datap\src\test\cpp\replacementtests.h(4): fatal error C1083: Cannot open include file: 'gtest\gtest.h': No such file or directory
         MatchingTests.cpp
     1>c:\users\lsall\datap\src\test\cpp\matchingtests.h(4): fatal error C1083: Cannot open include file: 'gtest\gtest.h': No such file or directory
         Main.cpp
     1>c:\users\lsall\datap\src\test\cpp\main.cpp(1): fatal error C1083: Cannot open include file: 'gtest\gtest.h': No such file or directory
         ListTests.cpp
     1>c:\users\lsall\datap\src\test\cpp\listtests.h(4): fatal error C1083: Cannot open include file: 'gtest\gtest.h': No such file or directory
         LettersTests.cpp
     1>c:\users\lsall\datap\src\test\cpp\letterstests.h(4): fatal error C1083: Cannot open include file: 'gtest\gtest.h': No such file or directory
         AllocateTests.cpp
     1>c:\users\lsall\datap\src\test\cpp\allocatetests.h(4): fatal error C1083: Cannot open include file: 'gtest\gtest.h': No such file or directory
         Generating Code...
     1>Done Building Project "C:\Users\lsall\datap\datap_2010\datapTests\datapTests.vcxproj" (build target(s)) -- FAILED.

Build FAILED.

Time Elapsed 00:00:03.88
